2017/08/02 15:28:33 [error] [php] include(Controller.php): failed to open stream: No such file or directory (C:\wamp64\www\ditech_\yii\framework\YiiBase.php:432)
Stack trace:
#0 C:\wamp64\www\ditech_\protected\controllers\SiteController.php(4): spl_autoload_call()
#1 C:\wamp64\www\ditech_\yii\framework\web\CWebApplication.php(354): require()
#2 C:\wamp64\www\ditech_\yii\framework\web\CWebApplication.php(276): CWebApplication->createController()
#3 C:\wamp64\www\ditech_\yii\framework\web\CWebApplication.php(141): CWebApplication->runController()
#4 C:\wamp64\www\ditech_\yii\framework\base\CApplication.php(185): CWebApplication->processRequest()
#5 C:\wamp64\www\ditech_\index.php(13): CWebApplication->run()
REQUEST_URI=/ditech_/index.php?r=site/index
in C:\wamp64\www\ditech_\protected\controllers\SiteController.php (4)
in C:\wamp64\www\ditech_\index.php (13)
2017/08/02 15:29:18 [error] [php] include(Controller.php): failed to open stream: No such file or directory (C:\wamp64\www\ditech_\yii\framework\YiiBase.php:432)
Stack trace:
#0 C:\wamp64\www\ditech_\protected\controllers\SiteController.php(4): spl_autoload_call()
#1 C:\wamp64\www\ditech_\yii\framework\web\CWebApplication.php(354): require()
#2 C:\wamp64\www\ditech_\yii\framework\web\CWebApplication.php(276): CWebApplication->createController()
#3 C:\wamp64\www\ditech_\yii\framework\web\CWebApplication.php(141): CWebApplication->runController()
#4 C:\wamp64\www\ditech_\yii\framework\base\CApplication.php(185): CWebApplication->processRequest()
#5 C:\wamp64\www\ditech_\index.php(13): CWebApplication->run()
REQUEST_URI=/ditech_/index.php?r=site/index
in C:\wamp64\www\ditech_\protected\controllers\SiteController.php (4)
in C:\wamp64\www\ditech_\index.php (13)
2017/08/02 15:39:47 [error] [exception.CException] exception 'CException' with message 'Alias "path.alias.to.booster.components.Booster" is invalid. Make sure it points to an existing directory or file.' in C:\wamp64\www\ditech_\yii\framework\YiiBase.php:348
Stack trace:
#0 C:\wamp64\www\ditech_\yii\framework\YiiBase.php(197): YiiBase::import('path.alias.to.b...', true)
#1 C:\wamp64\www\ditech_\yii\framework\base\CModule.php(393): YiiBase::createComponent(Array)
#2 C:\wamp64\www\ditech_\yii\framework\base\CModule.php(530): CModule->getComponent('booster')
#3 C:\wamp64\www\ditech_\yii\framework\base\CApplication.php(168): CModule->preloadComponents()
#4 C:\wamp64\www\ditech_\yii\framework\YiiBase.php(125): CApplication->__construct('C:\\wamp64\\www\\d...')
#5 C:\wamp64\www\ditech_\yii\framework\YiiBase.php(98): YiiBase::createApplication('CWebApplication', 'C:\\wamp64\\www\\d...')
#6 C:\wamp64\www\ditech_\index.php(13): YiiBase::createWebApplication('C:\\wamp64\\www\\d...')
#7 {main}
REQUEST_URI=/ditech_/index.php?r=site/contact
HTTP_REFERER=http://localhost/ditech_/index.php?r=site/index
---
2017/08/02 15:40:36 [error] [exception.CException] exception 'CException' with message 'Alias "application.extencions.booster.components.Booster" is invalid. Make sure it points to an existing PHP file and the file is readable.' in C:\wamp64\www\ditech_\yii\framework\YiiBase.php:323
Stack trace:
#0 C:\wamp64\www\ditech_\yii\framework\YiiBase.php(197): YiiBase::import('application.ext...', true)
#1 C:\wamp64\www\ditech_\yii\framework\base\CModule.php(393): YiiBase::createComponent(Array)
#2 C:\wamp64\www\ditech_\yii\framework\base\CModule.php(530): CModule->getComponent('booster')
#3 C:\wamp64\www\ditech_\yii\framework\base\CApplication.php(168): CModule->preloadComponents()
#4 C:\wamp64\www\ditech_\yii\framework\YiiBase.php(125): CApplication->__construct('C:\\wamp64\\www\\d...')
#5 C:\wamp64\www\ditech_\yii\framework\YiiBase.php(98): YiiBase::createApplication('CWebApplication', 'C:\\wamp64\\www\\d...')
#6 C:\wamp64\www\ditech_\index.php(13): YiiBase::createWebApplication('C:\\wamp64\\www\\d...')
#7 {main}
REQUEST_URI=/ditech_/index.php?r=site/contact
HTTP_REFERER=http://localhost/ditech_/index.php?r=site/index
---
2017/08/03 00:46:58 [error] [php] crypt(): No salt parameter was specified. You must use a randomly generated salt and a strong hash function to produce a secure hash. (C:\wamp64\www\ditech_\protected\views\site\index.php:20)
Stack trace:
#0 C:\wamp64\www\ditech_\yii\framework\web\CBaseController.php(95): SiteController->renderInternal()
#1 C:\wamp64\www\ditech_\yii\framework\web\CController.php(872): SiteController->renderFile()
#2 C:\wamp64\www\ditech_\yii\framework\web\CController.php(785): SiteController->renderPartial()
#3 C:\wamp64\www\ditech_\protected\controllers\SiteController.php(32): SiteController->render()
#4 C:\wamp64\www\ditech_\yii\framework\web\actions\CInlineAction.php(49): SiteController->actionIndex()
#5 C:\wamp64\www\ditech_\yii\framework\web\CController.php(308): CInlineAction->runWithParams()
#6 C:\wamp64\www\ditech_\yii\framework\web\CController.php(286): SiteController->runAction()
#7 C:\wamp64\www\ditech_\yii\framework\web\CController.php(265): SiteController->runActionWithFilters()
#8 C:\wamp64\www\ditech_\yii\framework\web\CWebApplication.php(282): SiteController->run()
#9 C:\wamp64\www\ditech_\yii\framework\web\CWebApplication.php(141): CWebApplication->runController()
#10 C:\wamp64\www\ditech_\yii\framework\base\CApplication.php(185): CWebApplication->processRequest()
#11 C:\wamp64\www\ditech_\index.php(13): CWebApplication->run()
REQUEST_URI=/ditech_/index.php?r=site/index
in C:\wamp64\www\ditech_\protected\views\site\index.php (20)
in C:\wamp64\www\ditech_\protected\controllers\SiteController.php (32)
in C:\wamp64\www\ditech_\index.php (13)
2017/08/03 00:47:54 [error] [php] crypt(): No salt parameter was specified. You must use a randomly generated salt and a strong hash function to produce a secure hash. (C:\wamp64\www\ditech_\protected\views\site\index.php:20)
Stack trace:
#0 C:\wamp64\www\ditech_\yii\framework\web\CBaseController.php(95): SiteController->renderInternal()
#1 C:\wamp64\www\ditech_\yii\framework\web\CController.php(872): SiteController->renderFile()
#2 C:\wamp64\www\ditech_\yii\framework\web\CController.php(785): SiteController->renderPartial()
#3 C:\wamp64\www\ditech_\protected\controllers\SiteController.php(32): SiteController->render()
#4 C:\wamp64\www\ditech_\yii\framework\web\actions\CInlineAction.php(49): SiteController->actionIndex()
#5 C:\wamp64\www\ditech_\yii\framework\web\CController.php(308): CInlineAction->runWithParams()
#6 C:\wamp64\www\ditech_\yii\framework\web\CController.php(286): SiteController->runAction()
#7 C:\wamp64\www\ditech_\yii\framework\web\CController.php(265): SiteController->runActionWithFilters()
#8 C:\wamp64\www\ditech_\yii\framework\web\CWebApplication.php(282): SiteController->run()
#9 C:\wamp64\www\ditech_\yii\framework\web\CWebApplication.php(141): CWebApplication->runController()
#10 C:\wamp64\www\ditech_\yii\framework\base\CApplication.php(185): CWebApplication->processRequest()
#11 C:\wamp64\www\ditech_\index.php(13): CWebApplication->run()
REQUEST_URI=/ditech_/index.php?r=site/index
in C:\wamp64\www\ditech_\protected\views\site\index.php (20)
in C:\wamp64\www\ditech_\protected\controllers\SiteController.php (32)
in C:\wamp64\www\ditech_\index.php (13)
2017/08/03 00:48:07 [error] [php] crypt(): No salt parameter was specified. You must use a randomly generated salt and a strong hash function to produce a secure hash. (C:\wamp64\www\ditech_\protected\views\site\index.php:20)
Stack trace:
#0 C:\wamp64\www\ditech_\yii\framework\web\CBaseController.php(95): SiteController->renderInternal()
#1 C:\wamp64\www\ditech_\yii\framework\web\CController.php(872): SiteController->renderFile()
#2 C:\wamp64\www\ditech_\yii\framework\web\CController.php(785): SiteController->renderPartial()
#3 C:\wamp64\www\ditech_\protected\controllers\SiteController.php(32): SiteController->render()
#4 C:\wamp64\www\ditech_\yii\framework\web\actions\CInlineAction.php(49): SiteController->actionIndex()
#5 C:\wamp64\www\ditech_\yii\framework\web\CController.php(308): CInlineAction->runWithParams()
#6 C:\wamp64\www\ditech_\yii\framework\web\CController.php(286): SiteController->runAction()
#7 C:\wamp64\www\ditech_\yii\framework\web\CController.php(265): SiteController->runActionWithFilters()
#8 C:\wamp64\www\ditech_\yii\framework\web\CWebApplication.php(282): SiteController->run()
#9 C:\wamp64\www\ditech_\yii\framework\web\CWebApplication.php(141): CWebApplication->runController()
#10 C:\wamp64\www\ditech_\yii\framework\base\CApplication.php(185): CWebApplication->processRequest()
#11 C:\wamp64\www\ditech_\index.php(13): CWebApplication->run()
REQUEST_URI=/ditech_/index.php?r=site/index
in C:\wamp64\www\ditech_\protected\views\site\index.php (20)
in C:\wamp64\www\ditech_\protected\controllers\SiteController.php (32)
in C:\wamp64\www\ditech_\index.php (13)
2017/08/03 01:08:18 [error] [php] crypt(): No salt parameter was specified. You must use a randomly generated salt and a strong hash function to produce a secure hash. (C:\wamp64\www\ditech_\protected\views\site\index.php:20)
Stack trace:
#0 C:\wamp64\www\ditech_\yii\framework\web\CBaseController.php(95): SiteController->renderInternal()
#1 C:\wamp64\www\ditech_\yii\framework\web\CController.php(872): SiteController->renderFile()
#2 C:\wamp64\www\ditech_\yii\framework\web\CController.php(785): SiteController->renderPartial()
#3 C:\wamp64\www\ditech_\protected\controllers\SiteController.php(32): SiteController->render()
#4 C:\wamp64\www\ditech_\yii\framework\web\actions\CInlineAction.php(49): SiteController->actionIndex()
#5 C:\wamp64\www\ditech_\yii\framework\web\CController.php(308): CInlineAction->runWithParams()
#6 C:\wamp64\www\ditech_\yii\framework\web\CController.php(286): SiteController->runAction()
#7 C:\wamp64\www\ditech_\yii\framework\web\CController.php(265): SiteController->runActionWithFilters()
#8 C:\wamp64\www\ditech_\yii\framework\web\CWebApplication.php(282): SiteController->run()
#9 C:\wamp64\www\ditech_\yii\framework\web\CWebApplication.php(141): CWebApplication->runController()
#10 C:\wamp64\www\ditech_\yii\framework\base\CApplication.php(185): CWebApplication->processRequest()
#11 C:\wamp64\www\ditech_\index.php(13): CWebApplication->run()
REQUEST_URI=/ditech_/index.php?r=site/index
in C:\wamp64\www\ditech_\protected\views\site\index.php (20)
in C:\wamp64\www\ditech_\protected\controllers\SiteController.php (32)
in C:\wamp64\www\ditech_\index.php (13)
2017/08/03 01:32:30 [error] [php] password_hash() expects parameter 3 to be array, string given (C:\wamp64\www\ditech_\protected\views\site\index.php:20)
Stack trace:
#0 C:\wamp64\www\ditech_\yii\framework\web\CBaseController.php(95): SiteController->renderInternal()
#1 C:\wamp64\www\ditech_\yii\framework\web\CController.php(872): SiteController->renderFile()
#2 C:\wamp64\www\ditech_\yii\framework\web\CController.php(785): SiteController->renderPartial()
#3 C:\wamp64\www\ditech_\protected\controllers\SiteController.php(32): SiteController->render()
#4 C:\wamp64\www\ditech_\yii\framework\web\actions\CInlineAction.php(49): SiteController->actionIndex()
#5 C:\wamp64\www\ditech_\yii\framework\web\CController.php(308): CInlineAction->runWithParams()
#6 C:\wamp64\www\ditech_\yii\framework\web\CController.php(286): SiteController->runAction()
#7 C:\wamp64\www\ditech_\yii\framework\web\CController.php(265): SiteController->runActionWithFilters()
#8 C:\wamp64\www\ditech_\yii\framework\web\CWebApplication.php(282): SiteController->run()
#9 C:\wamp64\www\ditech_\yii\framework\web\CWebApplication.php(141): CWebApplication->runController()
#10 C:\wamp64\www\ditech_\yii\framework\base\CApplication.php(185): CWebApplication->processRequest()
#11 C:\wamp64\www\ditech_\index.php(13): CWebApplication->run()
REQUEST_URI=/ditech_/index.php?r=site/index
in C:\wamp64\www\ditech_\protected\views\site\index.php (20)
in C:\wamp64\www\ditech_\protected\controllers\SiteController.php (32)
in C:\wamp64\www\ditech_\index.php (13)
2017/08/03 01:32:36 [error] [php] password_hash() expects parameter 3 to be array, integer given (C:\wamp64\www\ditech_\protected\views\site\index.php:20)
Stack trace:
#0 C:\wamp64\www\ditech_\yii\framework\web\CBaseController.php(95): SiteController->renderInternal()
#1 C:\wamp64\www\ditech_\yii\framework\web\CController.php(872): SiteController->renderFile()
#2 C:\wamp64\www\ditech_\yii\framework\web\CController.php(785): SiteController->renderPartial()
#3 C:\wamp64\www\ditech_\protected\controllers\SiteController.php(32): SiteController->render()
#4 C:\wamp64\www\ditech_\yii\framework\web\actions\CInlineAction.php(49): SiteController->actionIndex()
#5 C:\wamp64\www\ditech_\yii\framework\web\CController.php(308): CInlineAction->runWithParams()
#6 C:\wamp64\www\ditech_\yii\framework\web\CController.php(286): SiteController->runAction()
#7 C:\wamp64\www\ditech_\yii\framework\web\CController.php(265): SiteController->runActionWithFilters()
#8 C:\wamp64\www\ditech_\yii\framework\web\CWebApplication.php(282): SiteController->run()
#9 C:\wamp64\www\ditech_\yii\framework\web\CWebApplication.php(141): CWebApplication->runController()
#10 C:\wamp64\www\ditech_\yii\framework\base\CApplication.php(185): CWebApplication->processRequest()
#11 C:\wamp64\www\ditech_\index.php(13): CWebApplication->run()
REQUEST_URI=/ditech_/index.php?r=site/index
in C:\wamp64\www\ditech_\protected\views\site\index.php (20)
in C:\wamp64\www\ditech_\protected\controllers\SiteController.php (32)
in C:\wamp64\www\ditech_\index.php (13)
2017/08/03 03:32:11 [error] [php] Non-static method CActiveRecord::findAll() should not be called statically, assuming $this from incompatible context (C:\wamp64\www\ditech_\protected\views\site\index.php:20)
Stack trace:
#0 C:\wamp64\www\ditech_\yii\framework\web\CController.php(872): SiteController->renderFile()
#1 C:\wamp64\www\ditech_\yii\framework\web\CController.php(785): SiteController->renderPartial()
#2 C:\wamp64\www\ditech_\protected\controllers\SiteController.php(32): SiteController->render()
#3 C:\wamp64\www\ditech_\yii\framework\web\actions\CInlineAction.php(49): SiteController->actionIndex()
#4 C:\wamp64\www\ditech_\yii\framework\web\CController.php(308): CInlineAction->runWithParams()
#5 C:\wamp64\www\ditech_\yii\framework\web\CController.php(286): SiteController->runAction()
#6 C:\wamp64\www\ditech_\yii\framework\web\CController.php(265): SiteController->runActionWithFilters()
#7 C:\wamp64\www\ditech_\yii\framework\web\CWebApplication.php(282): SiteController->run()
#8 C:\wamp64\www\ditech_\yii\framework\web\CWebApplication.php(141): CWebApplication->runController()
#9 C:\wamp64\www\ditech_\yii\framework\base\CApplication.php(185): CWebApplication->processRequest()
#10 C:\wamp64\www\ditech_\index.php(13): CWebApplication->run()
REQUEST_URI=/ditech_/index.php?r=site/index
in C:\wamp64\www\ditech_\protected\views\site\index.php (20)
in C:\wamp64\www\ditech_\protected\controllers\SiteController.php (32)
in C:\wamp64\www\ditech_\index.php (13)
2017/08/03 03:32:24 [error] [php] Non-static method CActiveRecord::findAll() should not be called statically, assuming $this from incompatible context (C:\wamp64\www\ditech_\protected\views\site\index.php:20)
Stack trace:
#0 C:\wamp64\www\ditech_\yii\framework\web\CController.php(872): SiteController->renderFile()
#1 C:\wamp64\www\ditech_\yii\framework\web\CController.php(785): SiteController->renderPartial()
#2 C:\wamp64\www\ditech_\protected\controllers\SiteController.php(32): SiteController->render()
#3 C:\wamp64\www\ditech_\yii\framework\web\actions\CInlineAction.php(49): SiteController->actionIndex()
#4 C:\wamp64\www\ditech_\yii\framework\web\CController.php(308): CInlineAction->runWithParams()
#5 C:\wamp64\www\ditech_\yii\framework\web\CController.php(286): SiteController->runAction()
#6 C:\wamp64\www\ditech_\yii\framework\web\CController.php(265): SiteController->runActionWithFilters()
#7 C:\wamp64\www\ditech_\yii\framework\web\CWebApplication.php(282): SiteController->run()
#8 C:\wamp64\www\ditech_\yii\framework\web\CWebApplication.php(141): CWebApplication->runController()
#9 C:\wamp64\www\ditech_\yii\framework\base\CApplication.php(185): CWebApplication->processRequest()
#10 C:\wamp64\www\ditech_\index.php(13): CWebApplication->run()
REQUEST_URI=/ditech_/index.php?r=site/index
in C:\wamp64\www\ditech_\protected\views\site\index.php (20)
in C:\wamp64\www\ditech_\protected\controllers\SiteController.php (32)
in C:\wamp64\www\ditech_\index.php (13)
2017/08/03 04:53:47 [error] [php] Invalid argument supplied for foreach() (C:\wamp64\www\ditech_\yii\framework\db\ar\CActiveRecord.php:2416)
Stack trace:
#0 C:\wamp64\www\ditech_\yii\framework\gii\generators\crud\CrudCode.php(66): Appointment->__get()
#1 C:\wamp64\www\ditech_\yii\framework\validators\CInlineValidator.php(42): CrudCode->validateModel()
#2 C:\wamp64\www\ditech_\yii\framework\validators\CValidator.php(201): CInlineValidator->validateAttribute()
#3 C:\wamp64\www\ditech_\yii\framework\base\CModel.php(159): CInlineValidator->validate()
#4 C:\wamp64\www\ditech_\yii\framework\gii\CCodeGenerator.php(159): CrudCode->validate()
#5 C:\wamp64\www\ditech_\yii\framework\gii\CCodeGenerator.php(63): CrudGenerator->prepare()
#6 C:\wamp64\www\ditech_\yii\framework\web\actions\CInlineAction.php(49): CrudGenerator->actionIndex()
#7 C:\wamp64\www\ditech_\yii\framework\web\CController.php(308): CInlineAction->runWithParams()
#8 C:\wamp64\www\ditech_\yii\framework\web\CController.php(286): CrudGenerator->runAction()
#9 C:\wamp64\www\ditech_\yii\framework\web\CController.php(265): CrudGenerator->runActionWithFilters()
#10 C:\wamp64\www\ditech_\yii\framework\web\CWebApplication.php(282): CrudGenerator->run()
#11 C:\wamp64\www\ditech_\yii\framework\web\CWebApplication.php(141): CWebApplication->runController()
#12 C:\wamp64\www\ditech_\yii\framework\base\CApplication.php(185): CWebApplication->processRequest()
#13 C:\wamp64\www\ditech_\index.php(13): CWebApplication->run()
REQUEST_URI=/ditech_/index.php?r=gii/crud/index
in C:\wamp64\www\ditech_\index.php (13)
2017/08/03 13:29:52 [error] [exception.CHttpException.404] exception 'CHttpException' with message 'The system is unable to find the requested action "pofile".' in C:\wamp64\www\ditech_\yii\framework\web\CController.php:486
Stack trace:
#0 C:\wamp64\www\ditech_\yii\framework\web\CController.php(270): CController->missingAction('pofile')
#1 C:\wamp64\www\ditech_\yii\framework\web\CWebApplication.php(282): CController->run('pofile')
#2 C:\wamp64\www\ditech_\yii\framework\web\CWebApplication.php(141): CWebApplication->runController('site/pofile')
#3 C:\wamp64\www\ditech_\yii\framework\base\CApplication.php(185): CWebApplication->processRequest()
#4 C:\wamp64\www\ditech_\index.php(13): CApplication->run()
#5 {main}
REQUEST_URI=/ditech_/index.php?r=site/pofile
---
2017/08/03 13:49:38 [error] [exception.CHttpException.404] exception 'CHttpException' with message 'The system is unable to find the requested action "contact".' in C:\wamp64\www\ditech_\yii\framework\web\CController.php:486
Stack trace:
#0 C:\wamp64\www\ditech_\yii\framework\web\CController.php(270): CController->missingAction('contact')
#1 C:\wamp64\www\ditech_\yii\framework\web\CWebApplication.php(282): CController->run('contact')
#2 C:\wamp64\www\ditech_\yii\framework\web\CWebApplication.php(141): CWebApplication->runController('site/contact')
#3 C:\wamp64\www\ditech_\yii\framework\base\CApplication.php(185): CWebApplication->processRequest()
#4 C:\wamp64\www\ditech_\index.php(13): CApplication->run()
#5 {main}
REQUEST_URI=/ditech_/index.php?r=site/contact
HTTP_REFERER=http://localhost/ditech_/index.php?r=site/page&view=about
---
2017/08/03 13:55:52 [error] [exception.CHttpException.404] exception 'CHttpException' with message 'The system is unable to find the requested action "contact".' in C:\wamp64\www\ditech_\yii\framework\web\CController.php:486
Stack trace:
#0 C:\wamp64\www\ditech_\yii\framework\web\CController.php(270): CController->missingAction('contact')
#1 C:\wamp64\www\ditech_\yii\framework\web\CWebApplication.php(282): CController->run('contact')
#2 C:\wamp64\www\ditech_\yii\framework\web\CWebApplication.php(141): CWebApplication->runController('site/contact')
#3 C:\wamp64\www\ditech_\yii\framework\base\CApplication.php(185): CWebApplication->processRequest()
#4 C:\wamp64\www\ditech_\index.php(13): CApplication->run()
#5 {main}
REQUEST_URI=/ditech_/index.php/site/contact
HTTP_REFERER=http://localhost/ditech_/index.php/site/index
---
2017/08/03 13:56:07 [error] [exception.CHttpException.404] exception 'CHttpException' with message 'Unable to resolve the request "dashbord".' in C:\wamp64\www\ditech_\yii\framework\web\CWebApplication.php:286
Stack trace:
#0 C:\wamp64\www\ditech_\yii\framework\web\CWebApplication.php(141): CWebApplication->runController('dashbord')
#1 C:\wamp64\www\ditech_\yii\framework\base\CApplication.php(185): CWebApplication->processRequest()
#2 C:\wamp64\www\ditech_\index.php(13): CApplication->run()
#3 {main}
REQUEST_URI=/ditech_/index.php/dashbord
---
2017/08/03 13:56:17 [error] [exception.CException] exception 'CException' with message 'DashboardController cannot find the requested view "index".' in C:\wamp64\www\ditech_\yii\framework\web\CController.php:881
Stack trace:
#0 C:\wamp64\www\ditech_\yii\framework\web\CController.php(785): CController->renderPartial('index', NULL, true)
#1 C:\wamp64\www\ditech_\protected\controllers\DashboardController.php(14): CController->render('index')
#2 C:\wamp64\www\ditech_\yii\framework\web\actions\CInlineAction.php(49): DashboardController->actionIndex()
#3 C:\wamp64\www\ditech_\yii\framework\web\CController.php(308): CInlineAction->runWithParams(Array)
#4 C:\wamp64\www\ditech_\yii\framework\web\CController.php(286): CController->runAction(Object(CInlineAction))
#5 C:\wamp64\www\ditech_\yii\framework\web\CController.php(265): CController->runActionWithFilters(Object(CInlineAction), Array)
#6 C:\wamp64\www\ditech_\yii\framework\web\CWebApplication.php(282): CController->run('')
#7 C:\wamp64\www\ditech_\yii\framework\web\CWebApplication.php(141): CWebApplication->runController('dashboard')
#8 C:\wamp64\www\ditech_\yii\framework\base\CApplication.php(185): CWebApplication->processRequest()
#9 C:\wamp64\www\ditech_\index.php(13): CApplication->run()
#10 {main}
REQUEST_URI=/ditech_/index.php/dashboard
---
2017/08/03 13:57:06 [error] [exception.CException] exception 'CException' with message 'DashboardController cannot find the requested view "index".' in C:\wamp64\www\ditech_\yii\framework\web\CController.php:881
Stack trace:
#0 C:\wamp64\www\ditech_\yii\framework\web\CController.php(785): CController->renderPartial('index', NULL, true)
#1 C:\wamp64\www\ditech_\protected\controllers\DashboardController.php(14): CController->render('index')
#2 C:\wamp64\www\ditech_\yii\framework\web\actions\CInlineAction.php(49): DashboardController->actionIndex()
#3 C:\wamp64\www\ditech_\yii\framework\web\CController.php(308): CInlineAction->runWithParams(Array)
#4 C:\wamp64\www\ditech_\yii\framework\web\CController.php(286): CController->runAction(Object(CInlineAction))
#5 C:\wamp64\www\ditech_\yii\framework\web\CController.php(265): CController->runActionWithFilters(Object(CInlineAction), Array)
#6 C:\wamp64\www\ditech_\yii\framework\web\CWebApplication.php(282): CController->run('')
#7 C:\wamp64\www\ditech_\yii\framework\web\CWebApplication.php(141): CWebApplication->runController('Dashboard')
#8 C:\wamp64\www\ditech_\yii\framework\base\CApplication.php(185): CWebApplication->processRequest()
#9 C:\wamp64\www\ditech_\index.php(13): CApplication->run()
#10 {main}
REQUEST_URI=/ditech_/index.php/Dashboard
---
